<?xml version="1.0" encoding="UTF-8"?>
<!-- Generated by org.testng.reporters.JUnitReportReporter -->
<testsuite hostname="DESKTOP-2EV6IPF" failures="0" tests="1" name="MyAccountLogin" time="2.725" errors="0" timestamp="2022-10-18T13:43:28 IST" skipped="0">
  <testcase classname="MyAccountLogin" name="getTitle" time="2.725"/>
  <system-out/>
</testsuite> <!-- MyAccountLogin -->
